<?xml version="1.0" encoding="UTF-8"?>
<!-- Generated by org.testng.reporters.JUnitReportReporter -->
<testsuite skipped="0" hostname="DESKTOP-D6S92VB" name="flexon.com.practest.TestNGPractice.PracticeTestNG" tests="2" failures="0" timestamp="07 Jun 2019 21:23:03 GMT" time="0.013" errors="0">
  <testcase name="test1" time="0.010" classname="flexon.com.practest.TestNGPractice.PracticeTestNG"/>
  <testcase name="testMethod2" time="0.003" classname="flexon.com.practest.TestNGPractice.PracticeTestNG"/>
</testsuite> <!-- flexon.com.practest.TestNGPractice.PracticeTestNG -->
