<?xml version="1.0" encoding="UTF-8"?>
<!-- Generated by org.testng.reporters.JUnitReportReporter -->
<testsuite skipped="0" hostname="DESKTOP-D6S92VB" name="logging.LoggerTest" tests="1" failures="0" timestamp="10 Jun 2019 21:22:27 GMT" time="0.044" errors="0">
  <testcase name="testLogger" time="0.044" classname="logging.LoggerTest"/>
</testsuite> <!-- logging.LoggerTest -->
