<?xml version="1.0" encoding="UTF-8"?>
<!-- Generated by org.testng.reporters.JUnitReportReporter -->
<testsuite skipped="0" hostname="DESKTOP-D6S92VB" name="extentReport.ExtenReport" tests="2" failures="0" timestamp="10 Jun 2019 21:45:03 GMT" time="0.038" errors="0">
  <testcase name="test2" time="0.006" classname="extentReport.ExtenReport"/>
  <testcase name="test1" time="0.032" classname="extentReport.ExtenReport"/>
</testsuite> <!-- extentReport.ExtenReport -->
